enter number of edges in graph
enter weighted edge 1
enter weighted edge 2
enter weighted edge 3
enter weighted edge 4
enter weighted edge 5
enter weighted edge 6
Doing bfs
Reached values for vertices are 1 1 1 2 2 2 2 
Reached values for vertices are 1 1 1 2 2 2 0 
Reached values for vertices are 1 1 1 2 2 2 2 
Reached values for vertices are 1 1 1 2 2 2 0 
Reached values for vertices are 1 1 1 2 2 2 2 
Reached values for vertices are 1 1 1 2 2 2 0 
Reached values for vertices are 1 1 1 2 2 2 2 
Reached values for vertices are 1 1 1 2 2 2 0 

Doing dfs
Reached values for vertices are 1 1 1 2 2 2 2 
Reached values for vertices are 1 1 1 2 2 2 0 
Reached values for vertices are 1 1 1 2 2 2 2 
Reached values for vertices are 1 1 1 2 2 2 0 
Reached values for vertices are 1 1 1 2 2 2 2 
Reached values for vertices are 1 1 1 2 2 2 0 
Reached values for vertices are 1 1 1 2 2 2 2 
Reached values for vertices are 1 1 1 2 2 2 0 

