The wors-case times, in milliseconds, are
n 	repetitions 	elapsed time 	time/sort
0	10242		1040		0.10154267
10	5837		1050		0.17988692
20	2609		1040		0.39862016
30	1250		1040		0.832
40	764		1050		1.3743455
50	505		1040		2.059406
60	356		1040		2.9213483
70	285		1050		3.6842105
80	204		1040		5.098039
90	175		1050		6.0
100	138		1040		7.536232
200	35		1040		29.714285
300	16		1050		65.625
400	9		1090		121.111115
500	6		1100		183.33333
600	4		1050		262.5
700	3		1100		366.66666
800	3		1370		456.66666
900	2		1210		605.0
1000	2		1480		740.0
