The worst-case times, in milliseconds, are
n 	repetitions 	elapsed time 	time/sort
0	8815		1040		0.11798071
10	5046		1050		0.20808561
20	2303		1040		0.45158488
30	1264		1040		0.8227848
40	776		1050		1.3530928
50	518		1040		2.007722
60	342		1040		3.0409358
70	275		1050		3.8181818
80	213		1040		4.882629
90	171		1040		6.0818715
100	138		1050		7.6086955
200	31		1040		33.548386
300	15		1040		69.333336
400	9		1050		116.666664
500	6		1150		191.66667
600	4		1050		262.5
700	3		1150		383.33334
800	3		1370		456.66666
900	2		1270		635.0
1000	2		1420		710.0
