The worst-case times, in milliseconds, are
n 	repetitions 	elapsed time 	time/sort
0	8689		1020		0.117389806
10	6930		1040		0.15007216
20	2564		1040		0.40561622
30	1263		1000		0.79176563
40	822		1010		1.2287104
50	521		1050		2.015355
60	350		1040		2.9714286
70	283		1040		3.6749117
80	219		1030		4.7031965
90	159		1000		6.289308
100	141		1040		7.3758864
200	36		1040		28.88889
300	16		1040		65.0
400	9		1100		122.22222
500	6		1100		183.33333
600	4		1040		260.0
700	3		1050		350.0
800	3		1480		493.33334
900	2		1150		575.0
1000	2		1430		715.0
