The overhead times, in milliseconds, are
n 	repetitions 	elapsed time 	time/sort
0	9366		1040		0.11103993
10	8505		1040		0.12228101
20	7199		1050		0.1458536
30	3671		1040		0.28330156
40	3350		1040		0.31044775
50	4904		1050		0.21411093
60	5307		1040		0.19596758
70	4730		1040		0.21987315
80	4565		1050		0.23001096
90	3896		1040		0.26694044
100	3995		1050		0.26282853
200	2449		1040		0.42466313
300	1758		1040		0.59158134
400	1373		1050		0.76474875
500	952		1040		1.092437
600	888		1040		1.1711712
700	823		1050		1.2758201
800	679		1040		1.5316643
900	637		1040		1.6326531
1000	569		1050		1.8453428
