0 & 0.12501502 & 0.15714717 & 0.14512785 & 0.11403128
10 & 0.18736617 & 0.24671052 & 0.23630993 & 0.21532091
20 & 0.35123268 & 0.44142616 & 0.4243166 & 0.35763413
30 & 0.58890146 & 0.6713555 & 0.6034483 & 0.52238804
40 & 0.90909094 & 0.90592337 & 0.80185044 & 0.6947228
50 & 1.2792128 & 1.1568409 & 1.0154738 & 0.8757298
60 & 1.7420435 & 1.4246947 & 1.1818181 & 1.0590631
70 & 2.2435896 & 1.6828479 & 1.5116279 & 1.2307693
80 & 2.826087 & 1.969697 & 1.7213115 & 1.4522822
90 & 3.4666667 & 2.2580645 & 1.9117647 & 1.6174184
100 & 4.2510123 & 2.4940047 & 2.1399176 & 1.8055556
200 & 15.65 & 5.5 & 4.5454545 & 3.9473684
300 & 33.8 & 8.8 & 7.15 & 6.05
400 & 59.85 & 12.35 & 10.15 & 8.2
500 & 92.8 & 15.9 & 12.6 & 11.0
600 & 133.2 & 19.8 & 15.65 & 13.45
700 & 180.45 & 23.35 & 18.4 & 15.95
800 & 235.9 & 27.45 & 21.45 & 18.4
900 & 297.15 & 31.3 & 24.45 & 21.15
1000 & 368.55 & 35.15 & 26.65 & 23.9
